<?xml version="1.0" encoding="UTF-8"?>
<testng-results ignored="0" total="1" passed="1" failed="0" skipped="0">
  <reporter-output>
  </reporter-output>
  <suite started-at="2024-07-02T10:13:37 IST" name="Default suite" finished-at="2024-07-02T10:13:56 IST" duration-ms="19206">
    <groups>
    </groups>
    <test started-at="2024-07-02T10:13:37 IST" name="Default test" finished-at="2024-07-02T10:13:56 IST" duration-ms="19206">
      <class name="paly_with_WebDriver.new_tab">
        <test-method is-config="true" signature="visit()[pri:0, instance:paly_with_WebDriver.new_tab@5afa3c9]" started-at="2024-07-02T10:13:37 IST" name="visit" finished-at="2024-07-02T10:13:47 IST" duration-ms="9848" status="PASS">
          <reporter-output>
          </reporter-output>
        </test-method> <!-- visit -->
        <test-method signature="new_window()[pri:0, instance:paly_with_WebDriver.new_tab@5afa3c9]" started-at="2024-07-02T10:13:47 IST" name="new_window" finished-at="2024-07-02T10:13:56 IST" duration-ms="8891" status="PASS">
          <reporter-output>
          </reporter-output>
        </test-method> <!-- new_window -->
        <test-method is-config="true" signature="close()[pri:0, instance:paly_with_WebDriver.new_tab@5afa3c9]" started-at="2024-07-02T10:13:56 IST" name="close" finished-at="2024-07-02T10:13:56 IST" duration-ms="417" status="PASS">
          <reporter-output>
          </reporter-output>
        </test-method> <!-- close -->
      </class> <!-- paly_with_WebDriver.new_tab -->
    </test> <!-- Default test -->
  </suite> <!-- Default suite -->
</testng-results>
