<?xml version="1.0" encoding="UTF-8"?>
<testng-results ignored="0" total="1" passed="1" failed="0" skipped="0">
  <reporter-output>
  </reporter-output>
  <suite started-at="2024-07-01T23:50:22 IST" name="Default suite" finished-at="2024-07-01T23:50:46 IST" duration-ms="23095">
    <groups>
    </groups>
    <test started-at="2024-07-01T23:50:22 IST" name="Default test" finished-at="2024-07-01T23:50:46 IST" duration-ms="23095">
      <class name="paly_with_WebElement_WebDriver.Heroku_checkboxs">
        <test-method is-config="true" signature="visit()[pri:0, instance:paly_with_WebElement_WebDriver.Heroku_checkboxs@5afa3c9]" started-at="2024-07-01T23:50:23 IST" name="visit" finished-at="2024-07-01T23:50:33 IST" duration-ms="10028" status="PASS">
          <reporter-output>
          </reporter-output>
        </test-method> <!-- visit -->
        <test-method signature="checkbox()[pri:0, instance:paly_with_WebElement_WebDriver.Heroku_checkboxs@5afa3c9]" started-at="2024-07-01T23:50:33 IST" name="checkbox" finished-at="2024-07-01T23:50:45 IST" duration-ms="12740" status="PASS">
          <reporter-output>
          </reporter-output>
        </test-method> <!-- checkbox -->
        <test-method is-config="true" signature="close()[pri:0, instance:paly_with_WebElement_WebDriver.Heroku_checkboxs@5afa3c9]" started-at="2024-07-01T23:50:45 IST" name="close" finished-at="2024-07-01T23:50:46 IST" duration-ms="281" status="PASS">
          <reporter-output>
          </reporter-output>
        </test-method> <!-- close -->
      </class> <!-- paly_with_WebElement_WebDriver.Heroku_checkboxs -->
    </test> <!-- Default test -->
  </suite> <!-- Default suite -->
</testng-results>
